<?xml version="1.0" encoding="utf-8" standalone="no"?>
<!--This file represents the results of running a test suite-->
<test-results name="C:\projects\_test\MvcApp4\build\output\MvcApplication4.Tests.dll" total="2" errors="2" failures="0" not-run="0" inconclusive="0" ignored="0" skipped="0" invalid="0" date="2011-10-24" time="00:17:43">
  <environment nunit-version="2.5.10.11092" clr-version="4.0.30319.239" os-version="Microsoft Windows NT 6.1.7601 Service Pack 1" platform="Win32NT" cwd="C:\projects\_test\MvcApp4\build" machine-name="MIKESTA" user="Micke" user-domain="MikeSta" />
  <culture-info current-culture="sv-SE" current-uiculture="en-US" />
  <test-suite type="Assembly" name="C:\projects\_test\MvcApp4\build\output\MvcApplication4.Tests.dll" executed="True" result="Failure" success="False" time="11.243" asserts="0">
    <results>
      <test-suite type="Namespace" name="MvcApplication4" executed="True" result="Failure" success="False" time="11.239" asserts="0">
        <results>
          <test-suite type="Namespace" name="Tests" executed="True" result="Failure" success="False" time="11.239" asserts="0">
            <results>
              <test-suite type="Namespace" name="Features" executed="True" result="Failure" success="False" time="11.238" asserts="0">
                <results>
                  <test-suite type="TestFixture" name="NavigationFeature" description="Navigation" executed="True" result="Failure" success="False" time="11.237" asserts="0">
                    <results>
                      <test-case name="MvcApplication4.Tests.Features.NavigationFeature.NavigationToTheAboutPage" description="Navigation to the About page" executed="True" result="Error" success="False" time="6.287" asserts="0">
                        <failure>
                          <message><![CDATA[Should.Core.Exceptions.EqualException : Assert.Equal() Failure
Position: First difference is at position 8
Expected: About Usas
Actual:   About Us]]></message>
                          <stack-trace><![CDATA[at MvcApplication4.Tests.Steps.Navigation.ThenThePageShouldContainTheTextHomepage(String text) in c:\projects\_test\MvcApp4\MvcApplication4.Tests\Steps\Navigation.cs:line 52
at lambda_method(Closure , IContextManager , String )
at TechTalk.SpecFlow.Bindings.MethodBinding.InvokeAction(IContextManager contextManager, Object[] arguments, ITestTracer testTracer, TimeSpan& duration)
at TechTalk.SpecFlow.Bindings.StepDefinitionBinding.Invoke(IContextManager contextManager, ITestTracer testTracer, Object[] arguments, TimeSpan& duration)
at TechTalk.SpecFlow.Infrastructure.TestExecutionEngine.ExecuteStepMatch(BindingMatch match, Object[] arguments)
at TechTalk.SpecFlow.Infrastructure.TestExecutionEngine.ExecuteStep(StepArgs stepArgs)
at TechTalk.SpecFlow.Infrastructure.TestExecutionEngine.OnAfterLastStep()
at TechTalk.SpecFlow.TestRunner.CollectScenarioErrors()
at MvcApplication4.Tests.Features.NavigationFeature.ScenarioCleanup() in c:\projects\_test\MvcApp4\MvcApplication4.Tests\Features\Navigation.feature.cs:line 0
at MvcApplication4.Tests.Features.NavigationFeature.NavigationToTheAboutPage() in c:\projects\_test\MvcApp4\MvcApplication4.Tests\Features\Navigation.feature:line 14
]]></stack-trace>
                        </failure>
                      </test-case>
                      <test-case name="MvcApplication4.Tests.Features.NavigationFeature.NavigationToTheHomePage" description="Navigation to the Home page" executed="True" result="Error" success="False" time="0.236" asserts="0">
                        <categories>
                          <category name="mytag" />
                        </categories>
                        <failure>
                          <message><![CDATA[Should.Core.Exceptions.EqualException : Assert.Equal() Failure
Position: First difference is at position 9
Expected: Home Pageas
Actual:   Home Page]]></message>
                          <stack-trace><![CDATA[at MvcApplication4.Tests.Steps.Navigation.ThenThePageShouldContainTheTextHomepage(String text) in c:\projects\_test\MvcApp4\MvcApplication4.Tests\Steps\Navigation.cs:line 52
at lambda_method(Closure , IContextManager , String )
at TechTalk.SpecFlow.Bindings.MethodBinding.InvokeAction(IContextManager contextManager, Object[] arguments, ITestTracer testTracer, TimeSpan& duration)
at TechTalk.SpecFlow.Bindings.StepDefinitionBinding.Invoke(IContextManager contextManager, ITestTracer testTracer, Object[] arguments, TimeSpan& duration)
at TechTalk.SpecFlow.Infrastructure.TestExecutionEngine.ExecuteStepMatch(BindingMatch match, Object[] arguments)
at TechTalk.SpecFlow.Infrastructure.TestExecutionEngine.ExecuteStep(StepArgs stepArgs)
at TechTalk.SpecFlow.Infrastructure.TestExecutionEngine.OnAfterLastStep()
at TechTalk.SpecFlow.TestRunner.CollectScenarioErrors()
at MvcApplication4.Tests.Features.NavigationFeature.ScenarioCleanup() in c:\projects\_test\MvcApp4\MvcApplication4.Tests\Features\Navigation.feature.cs:line 0
at MvcApplication4.Tests.Features.NavigationFeature.NavigationToTheHomePage() in c:\projects\_test\MvcApp4\MvcApplication4.Tests\Features\Navigation.feature:line 9
]]></stack-trace>
                        </failure>
                      </test-case>
                    </results>
                  </test-suite>
                </results>
              </test-suite>
            </results>
          </test-suite>
        </results>
      </test-suite>
    </results>
  </test-suite>
</test-results>